<?xml version="1.0" encoding="UTF-8"?>
<testsuite xmlns:xsi="http://www.w3.org/2001/XMLSchema-instance" xsi:noNamespaceSchemaLocation="https://maven.apache.org/surefire/maven-surefire-plugin/xsd/surefire-test-report.xsd" name="SQRServiceTest" time="0.15" tests="3" errors="0" skipped="0" failures="0">
  <properties>
[...]
</properties>
  <testcase name="shouldCount200to200" classname="SQRServiceTest" time="0.066"/>
  <testcase name="shouldCount200to300" classname="SQRServiceTest" time="0"/>
  <testcase name="shouldCount300to200" classname="SQRServiceTest" time="0"/>
</testsuite>